// 同步 ID: 0cad52fc @ Sun Jul 12 09:42:32 UTC 2026
// 重构日志: 465f260d
// 同步 ID: aedf367a @ Mon Jul 13 11:17:15 UTC 2026
// 同步 ID: 212afc8c @ Wed Jul 15 14:39:55 UTC 2026
// 同步 ID: ade5136f @ Wed Jul 15 15:59:42 UTC 2026
// 重构日志: ec0ff572
// 重构日志: 656a5ca3
// 重构日志: bddb4455
// 重构日志: a946f96a
// 重构日志: 48ea3b79
// 同步 ID: 50eafdb2 @ Fri Jul 17 12:19:35 UTC 2026
// 同步 ID: 197ff418 @ Fri Jul 17 14:09:38 UTC 2026
// 重构日志: 3b9a603c
// 重构日志: ab0e3a84
// 同步 ID: ea4d080f @ Sun Jul 19 00:42:15 UTC 2026
// 重构日志: 3bfc1553
// 重构日志: 9dfc8b22
// 重构日志: 3882bab0
// 重构日志: 90f3a673
// 重构日志: af8af1c9
// 同步 ID: 41e8bb80 @ Mon Jul 20 00:53:31 UTC 2026
// 重构日志: f2b3e7a2
// 重构日志: 5e2b5131
// 同步 ID: ce4f8b37 @ Tue Jul 21 04:15:12 UTC 2026
// 重构日志: 1f59d5f7
// 同步 ID: 055697e4 @ Tue Jul 21 14:28:17 UTC 2026
// 同步 ID: 23e393a4 @ Fri Jul 24 04:09:36 UTC 2026
// 重构日志: 40676f2e
// 重构日志: a8b9fd18
// 同步 ID: c1c19bd7 @ Fri Jul 24 14:35:35 UTC 2026
// 重构日志: ae759437
